1:C 06 Mar 2020 20:47:50.383 # oO0OoO0OoO0Oo Redis is starting oO0OoO0OoO0Oo
1:C 06 Mar 2020 20:47:50.387 # Redis version=5.0.7, bits=64, commit=00000000, modified=0, pid=1, just started
1:C 06 Mar 2020 20:47:50.392 # Configuration loaded
                _._                                                  
           _.-``__ ''-._                                             
      _.-``    `.  `_.  ''-._           Redis 5.0.7 (00000000/0) 64 bit
  .-`` .-```.  ```\/    _.,_ ''-._                                   
 (    '      ,       .-`  | `,    )     Running in standalone mode
 |`-._`-...-` __...-.``-._|'` _.-'|     Port: 6379
 |    `-._   `._    /     _.-'    |     PID: 1
  `-._    `-._  `-./  _.-'    _.-'                                   
 |`-._`-._    `-.__.-'    _.-'_.-'|                                  
 |    `-._`-._        _.-'_.-'    |           http://redis.io        
  `-._    `-._`-.__.-'_.-'    _.-'                                   
 |`-._`-._    `-.__.-'    _.-'_.-'|                                  
 |    `-._`-._        _.-'_.-'    |                                  
  `-._    `-._`-.__.-'_.-'    _.-'                                   
      `-._    `-.__.-'    _.-'                                       
          `-._        _.-'                                           
              `-.__.-'                                               

1:M 06 Mar 2020 20:47:50.400 # WARNING: The TCP backlog setting of 511 cannot be enforced because /proc/sys/net/core/somaxconn is set to the lower value of 128.
1:M 06 Mar 2020 20:47:50.402 # Server initialized
1:M 06 Mar 2020 20:47:50.404 # WARNING you have Transparent Huge Pages (THP) support enabled in your kernel. This will create latency and memory usage issues with Redis. To fix this issue run the command 'echo never > /sys/kernel/mm/transparent_hugepage/enabled' as root, and add it to your /etc/rc.local in order to retain the setting after a reboot. Redis must be restarted after THP is disabled.
1:M 06 Mar 2020 20:47:50.406 * Ready to accept connections
1:signal-handler (1583527723) Received SIGTERM scheduling shutdown...
1:M 06 Mar 2020 20:48:43.609 # User requested shutdown...
1:M 06 Mar 2020 20:48:43.612 * Saving the final RDB snapshot before exiting.
1:M 06 Mar 2020 20:48:43.618 * DB saved on disk
1:M 06 Mar 2020 20:48:43.620 * Removing the pid file.
1:M 06 Mar 2020 20:48:43.622 # Redis is now ready to exit, bye bye...
1:C 06 Mar 2020 20:48:53.064 # oO0OoO0OoO0Oo Redis is starting oO0OoO0OoO0Oo
1:C 06 Mar 2020 20:48:53.067 # Redis version=5.0.7, bits=64, commit=00000000, modified=0, pid=1, just started
1:C 06 Mar 2020 20:48:53.070 # Configuration loaded
                _._                                                  
           _.-``__ ''-._                                             
      _.-``    `.  `_.  ''-._           Redis 5.0.7 (00000000/0) 64 bit
  .-`` .-```.  ```\/    _.,_ ''-._                                   
 (    '      ,       .-`  | `,    )     Running in standalone mode
 |`-._`-...-` __...-.``-._|'` _.-'|     Port: 6379
 |    `-._   `._    /     _.-'    |     PID: 1
  `-._    `-._  `-./  _.-'    _.-'                                   
 |`-._`-._    `-.__.-'    _.-'_.-'|                                  
 |    `-._`-._        _.-'_.-'    |           http://redis.io        
  `-._    `-._`-.__.-'_.-'    _.-'                                   
 |`-._`-._    `-.__.-'    _.-'_.-'|                                  
 |    `-._`-._        _.-'_.-'    |                                  
  `-._    `-._`-.__.-'_.-'    _.-'                                   
      `-._    `-.__.-'    _.-'                                       
          `-._        _.-'                                           
              `-.__.-'                                               

1:M 06 Mar 2020 20:48:53.078 # WARNING: The TCP backlog setting of 511 cannot be enforced because /proc/sys/net/core/somaxconn is set to the lower value of 128.
1:M 06 Mar 2020 20:48:53.081 # Server initialized
1:M 06 Mar 2020 20:48:53.083 # WARNING you have Transparent Huge Pages (THP) support enabled in your kernel. This will create latency and memory usage issues with Redis. To fix this issue run the command 'echo never > /sys/kernel/mm/transparent_hugepage/enabled' as root, and add it to your /etc/rc.local in order to retain the setting after a reboot. Redis must be restarted after THP is disabled.
1:M 06 Mar 2020 20:48:53.085 * Ready to accept connections
1:signal-handler (1583528352) Received SIGTERM scheduling shutdown...
1:M 06 Mar 2020 20:59:12.511 # User requested shutdown...
1:M 06 Mar 2020 20:59:12.515 * Saving the final RDB snapshot before exiting.
1:M 06 Mar 2020 20:59:12.523 * DB saved on disk
1:M 06 Mar 2020 20:59:12.525 * Removing the pid file.
1:M 06 Mar 2020 20:59:12.527 # Redis is now ready to exit, bye bye...
1:C 06 Mar 2020 20:59:39.603 # oO0OoO0OoO0Oo Redis is starting oO0OoO0OoO0Oo
1:C 06 Mar 2020 20:59:39.607 # Redis version=5.0.7, bits=64, commit=00000000, modified=0, pid=1, just started
1:C 06 Mar 2020 20:59:39.611 # Configuration loaded
                _._                                                  
           _.-``__ ''-._                                             
      _.-``    `.  `_.  ''-._           Redis 5.0.7 (00000000/0) 64 bit
  .-`` .-```.  ```\/    _.,_ ''-._                                   
 (    '      ,       .-`  | `,    )     Running in standalone mode
 |`-._`-...-` __...-.``-._|'` _.-'|     Port: 6379
 |    `-._   `._    /     _.-'    |     PID: 1
  `-._    `-._  `-./  _.-'    _.-'                                   
 |`-._`-._    `-.__.-'    _.-'_.-'|                                  
 |    `-._`-._        _.-'_.-'    |           http://redis.io        
  `-._    `-._`-.__.-'_.-'    _.-'                                   
 |`-._`-._    `-.__.-'    _.-'_.-'|                                  
 |    `-._`-._        _.-'_.-'    |                                  
  `-._    `-._`-.__.-'_.-'    _.-'                                   
      `-._    `-.__.-'    _.-'                                       
          `-._        _.-'                                           
              `-.__.-'                                               

1:M 06 Mar 2020 20:59:39.618 # WARNING: The TCP backlog setting of 511 cannot be enforced because /proc/sys/net/core/somaxconn is set to the lower value of 128.
1:M 06 Mar 2020 20:59:39.620 # Server initialized
1:M 06 Mar 2020 20:59:39.622 # WARNING you have Transparent Huge Pages (THP) support enabled in your kernel. This will create latency and memory usage issues with Redis. To fix this issue run the command 'echo never > /sys/kernel/mm/transparent_hugepage/enabled' as root, and add it to your /etc/rc.local in order to retain the setting after a reboot. Redis must be restarted after THP is disabled.
1:M 06 Mar 2020 20:59:39.626 * Ready to accept connections
1:signal-handler (1583528610) Received SIGTERM scheduling shutdown...
1:M 06 Mar 2020 21:03:30.522 # User requested shutdown...
1:M 06 Mar 2020 21:03:30.531 * Calling fsync() on the AOF file.
1:M 06 Mar 2020 21:03:30.538 * Saving the final RDB snapshot before exiting.
1:M 06 Mar 2020 21:03:30.552 * DB saved on disk
1:M 06 Mar 2020 21:03:30.554 * Removing the pid file.
1:M 06 Mar 2020 21:03:30.556 # Redis is now ready to exit, bye bye...
1:C 06 Mar 2020 21:03:50.974 # oO0OoO0OoO0Oo Redis is starting oO0OoO0OoO0Oo
1:C 06 Mar 2020 21:03:50.977 # Redis version=5.0.7, bits=64, commit=00000000, modified=0, pid=1, just started
1:C 06 Mar 2020 21:03:50.981 # Configuration loaded
                _._                                                  
           _.-``__ ''-._                                             
      _.-``    `.  `_.  ''-._           Redis 5.0.7 (00000000/0) 64 bit
  .-`` .-```.  ```\/    _.,_ ''-._                                   
 (    '      ,       .-`  | `,    )     Running in standalone mode
 |`-._`-...-` __...-.``-._|'` _.-'|     Port: 6379
 |    `-._   `._    /     _.-'    |     PID: 1
  `-._    `-._  `-./  _.-'    _.-'                                   
 |`-._`-._    `-.__.-'    _.-'_.-'|                                  
 |    `-._`-._        _.-'_.-'    |           http://redis.io        
  `-._    `-._`-.__.-'_.-'    _.-'                                   
 |`-._`-._    `-.__.-'    _.-'_.-'|                                  
 |    `-._`-._        _.-'_.-'    |                                  
  `-._    `-._`-.__.-'_.-'    _.-'                                   
      `-._    `-.__.-'    _.-'                                       
          `-._        _.-'                                           
              `-.__.-'                                               

1:M 06 Mar 2020 21:03:50.990 # WARNING: The TCP backlog setting of 511 cannot be enforced because /proc/sys/net/core/somaxconn is set to the lower value of 128.
1:M 06 Mar 2020 21:03:50.992 # Server initialized
1:M 06 Mar 2020 21:03:50.995 # WARNING you have Transparent Huge Pages (THP) support enabled in your kernel. This will create latency and memory usage issues with Redis. To fix this issue run the command 'echo never > /sys/kernel/mm/transparent_hugepage/enabled' as root, and add it to your /etc/rc.local in order to retain the setting after a reboot. Redis must be restarted after THP is disabled.
1:M 06 Mar 2020 21:03:51.000 * DB loaded from append only file: 0.002 seconds
1:M 06 Mar 2020 21:03:51.002 * Ready to accept connections
1:M 06 Mar 2020 23:25:36.331 * 1 changes in 900 seconds. Saving...
1:M 06 Mar 2020 23:25:36.479 * Background saving started by pid 17
17:C 06 Mar 2020 23:25:36.761 * DB saved on disk
17:C 06 Mar 2020 23:25:36.777 * RDB: 0 MB of memory used by copy-on-write
1:M 06 Mar 2020 23:25:36.801 * Background saving terminated with success
1:signal-handler (1583613688) Received SIGTERM scheduling shutdown...
1:M 07 Mar 2020 20:41:28.850 # User requested shutdown...
1:M 07 Mar 2020 20:41:28.856 * Calling fsync() on the AOF file.
1:M 07 Mar 2020 20:41:28.862 * Saving the final RDB snapshot before exiting.
1:M 07 Mar 2020 20:41:28.874 * DB saved on disk
1:M 07 Mar 2020 20:41:28.876 * Removing the pid file.
1:M 07 Mar 2020 20:41:28.878 # Redis is now ready to exit, bye bye...
1:C 07 Mar 2020 20:41:48.956 # oO0OoO0OoO0Oo Redis is starting oO0OoO0OoO0Oo
1:C 07 Mar 2020 20:41:48.959 # Redis version=5.0.7, bits=64, commit=00000000, modified=0, pid=1, just started
1:C 07 Mar 2020 20:41:48.963 # Configuration loaded
                _._                                                  
           _.-``__ ''-._                                             
      _.-``    `.  `_.  ''-._           Redis 5.0.7 (00000000/0) 64 bit
  .-`` .-```.  ```\/    _.,_ ''-._                                   
 (    '      ,       .-`  | `,    )     Running in standalone mode
 |`-._`-...-` __...-.``-._|'` _.-'|     Port: 6379
 |    `-._   `._    /     _.-'    |     PID: 1
  `-._    `-._  `-./  _.-'    _.-'                                   
 |`-._`-._    `-.__.-'    _.-'_.-'|                                  
 |    `-._`-._        _.-'_.-'    |           http://redis.io        
  `-._    `-._`-.__.-'_.-'    _.-'                                   
 |`-._`-._    `-.__.-'    _.-'_.-'|                                  
 |    `-._`-._        _.-'_.-'    |                                  
  `-._    `-._`-.__.-'_.-'    _.-'                                   
      `-._    `-.__.-'    _.-'                                       
          `-._        _.-'                                           
              `-.__.-'                                               

1:M 07 Mar 2020 20:41:48.974 # WARNING: The TCP backlog setting of 511 cannot be enforced because /proc/sys/net/core/somaxconn is set to the lower value of 128.
1:M 07 Mar 2020 20:41:48.978 # Server initialized
1:M 07 Mar 2020 20:41:48.985 # WARNING you have Transparent Huge Pages (THP) support enabled in your kernel. This will create latency and memory usage issues with Redis. To fix this issue run the command 'echo never > /sys/kernel/mm/transparent_hugepage/enabled' as root, and add it to your /etc/rc.local in order to retain the setting after a reboot. Redis must be restarted after THP is disabled.
1:M 07 Mar 2020 20:41:48.994 * DB loaded from append only file: 0.006 seconds
1:M 07 Mar 2020 20:41:48.999 * Ready to accept connections
1:signal-handler (1583614226) Received SIGTERM scheduling shutdown...
1:M 07 Mar 2020 20:50:26.727 # User requested shutdown...
1:M 07 Mar 2020 20:50:26.730 * Calling fsync() on the AOF file.
1:M 07 Mar 2020 20:50:26.734 * Saving the final RDB snapshot before exiting.
1:M 07 Mar 2020 20:50:26.746 * DB saved on disk
1:M 07 Mar 2020 20:50:26.748 * Removing the pid file.
1:M 07 Mar 2020 20:50:26.750 # Redis is now ready to exit, bye bye...
1:C 08 Mar 2020 15:07:49.189 # oO0OoO0OoO0Oo Redis is starting oO0OoO0OoO0Oo
1:C 08 Mar 2020 15:07:49.194 # Redis version=5.0.7, bits=64, commit=00000000, modified=0, pid=1, just started
1:C 08 Mar 2020 15:07:49.198 # Configuration loaded
                _._                                                  
           _.-``__ ''-._                                             
      _.-``    `.  `_.  ''-._           Redis 5.0.7 (00000000/0) 64 bit
  .-`` .-```.  ```\/    _.,_ ''-._                                   
 (    '      ,       .-`  | `,    )     Running in standalone mode
 |`-._`-...-` __...-.``-._|'` _.-'|     Port: 6379
 |    `-._   `._    /     _.-'    |     PID: 1
  `-._    `-._  `-./  _.-'    _.-'                                   
 |`-._`-._    `-.__.-'    _.-'_.-'|                                  
 |    `-._`-._        _.-'_.-'    |           http://redis.io        
  `-._    `-._`-.__.-'_.-'    _.-'                                   
 |`-._`-._    `-.__.-'    _.-'_.-'|                                  
 |    `-._`-._        _.-'_.-'    |                                  
  `-._    `-._`-.__.-'_.-'    _.-'                                   
      `-._    `-.__.-'    _.-'                                       
          `-._        _.-'                                           
              `-.__.-'                                               

1:M 08 Mar 2020 15:07:49.209 # WARNING: The TCP backlog setting of 511 cannot be enforced because /proc/sys/net/core/somaxconn is set to the lower value of 128.
1:M 08 Mar 2020 15:07:49.213 # Server initialized
1:M 08 Mar 2020 15:07:49.217 # WARNING you have Transparent Huge Pages (THP) support enabled in your kernel. This will create latency and memory usage issues with Redis. To fix this issue run the command 'echo never > /sys/kernel/mm/transparent_hugepage/enabled' as root, and add it to your /etc/rc.local in order to retain the setting after a reboot. Redis must be restarted after THP is disabled.
1:M 08 Mar 2020 15:07:49.227 * DB loaded from append only file: 0.005 seconds
1:M 08 Mar 2020 15:07:49.231 * Ready to accept connections
1:M 08 Mar 2020 15:22:50.002 * 1 changes in 900 seconds. Saving...
1:M 08 Mar 2020 15:22:50.010 * Background saving started by pid 17
17:C 08 Mar 2020 15:22:50.027 * DB saved on disk
17:C 08 Mar 2020 15:22:50.031 * RDB: 0 MB of memory used by copy-on-write
1:M 08 Mar 2020 15:22:50.115 * Background saving terminated with success
1:signal-handler (1583682225) Received SIGTERM scheduling shutdown...
1:M 08 Mar 2020 15:43:45.546 # User requested shutdown...
1:M 08 Mar 2020 15:43:45.549 * Calling fsync() on the AOF file.
1:M 08 Mar 2020 15:43:45.552 * Saving the final RDB snapshot before exiting.
1:M 08 Mar 2020 15:43:45.565 * DB saved on disk
1:M 08 Mar 2020 15:43:45.567 * Removing the pid file.
1:M 08 Mar 2020 15:43:45.569 # Redis is now ready to exit, bye bye...
1:C 08 Mar 2020 15:43:54.982 # oO0OoO0OoO0Oo Redis is starting oO0OoO0OoO0Oo
1:C 08 Mar 2020 15:43:54.989 # Redis version=5.0.7, bits=64, commit=00000000, modified=0, pid=1, just started
1:C 08 Mar 2020 15:43:55.013 # Configuration loaded
                _._                                                  
           _.-``__ ''-._                                             
      _.-``    `.  `_.  ''-._           Redis 5.0.7 (00000000/0) 64 bit
  .-`` .-```.  ```\/    _.,_ ''-._                                   
 (    '      ,       .-`  | `,    )     Running in standalone mode
 |`-._`-...-` __...-.``-._|'` _.-'|     Port: 6379
 |    `-._   `._    /     _.-'    |     PID: 1
  `-._    `-._  `-./  _.-'    _.-'                                   
 |`-._`-._    `-.__.-'    _.-'_.-'|                                  
 |    `-._`-._        _.-'_.-'    |           http://redis.io        
  `-._    `-._`-.__.-'_.-'    _.-'                                   
 |`-._`-._    `-.__.-'    _.-'_.-'|                                  
 |    `-._`-._        _.-'_.-'    |                                  
  `-._    `-._`-.__.-'_.-'    _.-'                                   
      `-._    `-.__.-'    _.-'                                       
          `-._        _.-'                                           
              `-.__.-'                                               

1:M 08 Mar 2020 15:43:55.027 # WARNING: The TCP backlog setting of 511 cannot be enforced because /proc/sys/net/core/somaxconn is set to the lower value of 128.
1:M 08 Mar 2020 15:43:55.031 # Server initialized
1:M 08 Mar 2020 15:43:55.034 # WARNING you have Transparent Huge Pages (THP) support enabled in your kernel. This will create latency and memory usage issues with Redis. To fix this issue run the command 'echo never > /sys/kernel/mm/transparent_hugepage/enabled' as root, and add it to your /etc/rc.local in order to retain the setting after a reboot. Redis must be restarted after THP is disabled.
1:M 08 Mar 2020 15:43:55.039 * DB loaded from append only file: 0.002 seconds
1:M 08 Mar 2020 15:43:55.041 * Ready to accept connections
1:signal-handler (1583682530) Received SIGTERM scheduling shutdown...
1:M 08 Mar 2020 15:48:50.197 # User requested shutdown...
1:M 08 Mar 2020 15:48:50.201 * Calling fsync() on the AOF file.
1:M 08 Mar 2020 15:48:50.206 * Saving the final RDB snapshot before exiting.
1:M 08 Mar 2020 15:48:50.220 * DB saved on disk
1:M 08 Mar 2020 15:48:50.223 * Removing the pid file.
1:M 08 Mar 2020 15:48:50.225 # Redis is now ready to exit, bye bye...
1:C 08 Mar 2020 15:48:56.617 # oO0OoO0OoO0Oo Redis is starting oO0OoO0OoO0Oo
1:C 08 Mar 2020 15:48:56.619 # Redis version=5.0.7, bits=64, commit=00000000, modified=0, pid=1, just started
1:C 08 Mar 2020 15:48:56.623 # Configuration loaded
                _._                                                  
           _.-``__ ''-._                                             
      _.-``    `.  `_.  ''-._           Redis 5.0.7 (00000000/0) 64 bit
  .-`` .-```.  ```\/    _.,_ ''-._                                   
 (    '      ,       .-`  | `,    )     Running in standalone mode
 |`-._`-...-` __...-.``-._|'` _.-'|     Port: 6379
 |    `-._   `._    /     _.-'    |     PID: 1
  `-._    `-._  `-./  _.-'    _.-'                                   
 |`-._`-._    `-.__.-'    _.-'_.-'|                                  
 |    `-._`-._        _.-'_.-'    |           http://redis.io        
  `-._    `-._`-.__.-'_.-'    _.-'                                   
 |`-._`-._    `-.__.-'    _.-'_.-'|                                  
 |    `-._`-._        _.-'_.-'    |                                  
  `-._    `-._`-.__.-'_.-'    _.-'                                   
      `-._    `-.__.-'    _.-'                                       
          `-._        _.-'                                           
              `-.__.-'                                               

1:M 08 Mar 2020 15:48:56.634 # WARNING: The TCP backlog setting of 511 cannot be enforced because /proc/sys/net/core/somaxconn is set to the lower value of 128.
1:M 08 Mar 2020 15:48:56.639 # Server initialized
1:M 08 Mar 2020 15:48:56.643 # WARNING you have Transparent Huge Pages (THP) support enabled in your kernel. This will create latency and memory usage issues with Redis. To fix this issue run the command 'echo never > /sys/kernel/mm/transparent_hugepage/enabled' as root, and add it to your /etc/rc.local in order to retain the setting after a reboot. Redis must be restarted after THP is disabled.
1:M 08 Mar 2020 15:48:56.650 * DB loaded from append only file: 0.002 seconds
1:M 08 Mar 2020 15:48:56.655 * Ready to accept connections
1:signal-handler (1583682721) Received SIGTERM scheduling shutdown...
1:M 08 Mar 2020 15:52:01.567 # User requested shutdown...
1:M 08 Mar 2020 15:52:01.569 * Calling fsync() on the AOF file.
1:M 08 Mar 2020 15:52:01.573 * Saving the final RDB snapshot before exiting.
1:M 08 Mar 2020 15:52:01.585 * DB saved on disk
1:M 08 Mar 2020 15:52:01.587 * Removing the pid file.
1:M 08 Mar 2020 15:52:01.590 # Redis is now ready to exit, bye bye...
1:C 08 Mar 2020 15:52:06.059 # oO0OoO0OoO0Oo Redis is starting oO0OoO0OoO0Oo
1:C 08 Mar 2020 15:52:06.063 # Redis version=5.0.7, bits=64, commit=00000000, modified=0, pid=1, just started
1:C 08 Mar 2020 15:52:06.068 # Configuration loaded
                _._                                                  
           _.-``__ ''-._                                             
      _.-``    `.  `_.  ''-._           Redis 5.0.7 (00000000/0) 64 bit
  .-`` .-```.  ```\/    _.,_ ''-._                                   
 (    '      ,       .-`  | `,    )     Running in standalone mode
 |`-._`-...-` __...-.``-._|'` _.-'|     Port: 6379
 |    `-._   `._    /     _.-'    |     PID: 1
  `-._    `-._  `-./  _.-'    _.-'                                   
 |`-._`-._    `-.__.-'    _.-'_.-'|                                  
 |    `-._`-._        _.-'_.-'    |           http://redis.io        
  `-._    `-._`-.__.-'_.-'    _.-'                                   
 |`-._`-._    `-.__.-'    _.-'_.-'|                                  
 |    `-._`-._        _.-'_.-'    |                                  
  `-._    `-._`-.__.-'_.-'    _.-'                                   
      `-._    `-.__.-'    _.-'                                       
          `-._        _.-'                                           
              `-.__.-'                                               

1:M 08 Mar 2020 15:52:06.086 # WARNING: The TCP backlog setting of 511 cannot be enforced because /proc/sys/net/core/somaxconn is set to the lower value of 128.
1:M 08 Mar 2020 15:52:06.090 # Server initialized
1:M 08 Mar 2020 15:52:06.097 # WARNING you have Transparent Huge Pages (THP) support enabled in your kernel. This will create latency and memory usage issues with Redis. To fix this issue run the command 'echo never > /sys/kernel/mm/transparent_hugepage/enabled' as root, and add it to your /etc/rc.local in order to retain the setting after a reboot. Redis must be restarted after THP is disabled.
1:M 08 Mar 2020 15:52:06.104 * DB loaded from append only file: 0.003 seconds
1:M 08 Mar 2020 15:52:06.108 * Ready to accept connections
1:signal-handler (1583682803) Received SIGTERM scheduling shutdown...
1:M 08 Mar 2020 15:53:23.673 # User requested shutdown...
1:M 08 Mar 2020 15:53:23.678 * Calling fsync() on the AOF file.
1:M 08 Mar 2020 15:53:23.685 * Saving the final RDB snapshot before exiting.
1:M 08 Mar 2020 15:53:23.710 * DB saved on disk
1:M 08 Mar 2020 15:53:23.716 * Removing the pid file.
1:M 08 Mar 2020 15:53:23.720 # Redis is now ready to exit, bye bye...
1:C 08 Mar 2020 15:53:54.533 # oO0OoO0OoO0Oo Redis is starting oO0OoO0OoO0Oo
1:C 08 Mar 2020 15:53:54.537 # Redis version=5.0.7, bits=64, commit=00000000, modified=0, pid=1, just started
1:C 08 Mar 2020 15:53:54.542 # Configuration loaded
                _._                                                  
           _.-``__ ''-._                                             
      _.-``    `.  `_.  ''-._           Redis 5.0.7 (00000000/0) 64 bit
  .-`` .-```.  ```\/    _.,_ ''-._                                   
 (    '      ,       .-`  | `,    )     Running in standalone mode
 |`-._`-...-` __...-.``-._|'` _.-'|     Port: 6379
 |    `-._   `._    /     _.-'    |     PID: 1
  `-._    `-._  `-./  _.-'    _.-'                                   
 |`-._`-._    `-.__.-'    _.-'_.-'|                                  
 |    `-._`-._        _.-'_.-'    |           http://redis.io        
  `-._    `-._`-.__.-'_.-'    _.-'                                   
 |`-._`-._    `-.__.-'    _.-'_.-'|                                  
 |    `-._`-._        _.-'_.-'    |                                  
  `-._    `-._`-.__.-'_.-'    _.-'                                   
      `-._    `-.__.-'    _.-'                                       
          `-._        _.-'                                           
              `-.__.-'                                               

1:M 08 Mar 2020 15:53:54.556 # WARNING: The TCP backlog setting of 511 cannot be enforced because /proc/sys/net/core/somaxconn is set to the lower value of 128.
1:M 08 Mar 2020 15:53:54.561 # Server initialized
1:M 08 Mar 2020 15:53:54.567 # WARNING you have Transparent Huge Pages (THP) support enabled in your kernel. This will create latency and memory usage issues with Redis. To fix this issue run the command 'echo never > /sys/kernel/mm/transparent_hugepage/enabled' as root, and add it to your /etc/rc.local in order to retain the setting after a reboot. Redis must be restarted after THP is disabled.
1:M 08 Mar 2020 15:53:54.575 * DB loaded from append only file: 0.002 seconds
1:M 08 Mar 2020 15:53:54.579 * Ready to accept connections
1:signal-handler (1583682993) Received SIGTERM scheduling shutdown...
1:M 08 Mar 2020 15:56:33.600 # User requested shutdown...
1:M 08 Mar 2020 15:56:33.603 * Calling fsync() on the AOF file.
1:M 08 Mar 2020 15:56:33.610 * Saving the final RDB snapshot before exiting.
1:M 08 Mar 2020 15:56:33.624 * DB saved on disk
1:M 08 Mar 2020 15:56:33.627 * Removing the pid file.
1:M 08 Mar 2020 15:56:33.630 # Redis is now ready to exit, bye bye...
1:C 10 Mar 2020 11:38:19.035 # oO0OoO0OoO0Oo Redis is starting oO0OoO0OoO0Oo
1:C 10 Mar 2020 11:38:19.039 # Redis version=5.0.7, bits=64, commit=00000000, modified=0, pid=1, just started
1:C 10 Mar 2020 11:38:19.043 # Configuration loaded
                _._                                                  
           _.-``__ ''-._                                             
      _.-``    `.  `_.  ''-._           Redis 5.0.7 (00000000/0) 64 bit
  .-`` .-```.  ```\/    _.,_ ''-._                                   
 (    '      ,       .-`  | `,    )     Running in standalone mode
 |`-._`-...-` __...-.``-._|'` _.-'|     Port: 6379
 |    `-._   `._    /     _.-'    |     PID: 1
  `-._    `-._  `-./  _.-'    _.-'                                   
 |`-._`-._    `-.__.-'    _.-'_.-'|                                  
 |    `-._`-._        _.-'_.-'    |           http://redis.io        
  `-._    `-._`-.__.-'_.-'    _.-'                                   
 |`-._`-._    `-.__.-'    _.-'_.-'|                                  
 |    `-._`-._        _.-'_.-'    |                                  
  `-._    `-._`-.__.-'_.-'    _.-'                                   
      `-._    `-.__.-'    _.-'                                       
          `-._        _.-'                                           
              `-.__.-'                                               

1:M 10 Mar 2020 11:38:19.055 # WARNING: The TCP backlog setting of 511 cannot be enforced because /proc/sys/net/core/somaxconn is set to the lower value of 128.
1:M 10 Mar 2020 11:38:19.059 # Server initialized
1:M 10 Mar 2020 11:38:19.063 # WARNING you have Transparent Huge Pages (THP) support enabled in your kernel. This will create latency and memory usage issues with Redis. To fix this issue run the command 'echo never > /sys/kernel/mm/transparent_hugepage/enabled' as root, and add it to your /etc/rc.local in order to retain the setting after a reboot. Redis must be restarted after THP is disabled.
1:M 10 Mar 2020 11:38:19.070 * DB loaded from append only file: 0.004 seconds
1:M 10 Mar 2020 11:38:19.072 * Ready to accept connections
1:M 10 Mar 2020 11:43:20.011 * 10 changes in 300 seconds. Saving...
1:M 10 Mar 2020 11:43:20.030 * Background saving started by pid 18
18:C 10 Mar 2020 11:43:20.046 * DB saved on disk
18:C 10 Mar 2020 11:43:20.049 * RDB: 0 MB of memory used by copy-on-write
1:M 10 Mar 2020 11:43:20.138 * Background saving terminated with success
1:M 10 Mar 2020 11:58:21.094 * 1 changes in 900 seconds. Saving...
1:M 10 Mar 2020 11:58:21.111 * Background saving started by pid 19
19:C 10 Mar 2020 11:58:21.127 * DB saved on disk
19:C 10 Mar 2020 11:58:21.130 * RDB: 0 MB of memory used by copy-on-write
1:M 10 Mar 2020 11:58:21.224 * Background saving terminated with success
1:M 10 Mar 2020 12:15:46.393 * 1 changes in 900 seconds. Saving...
1:M 10 Mar 2020 12:15:46.398 * Background saving started by pid 20
20:C 10 Mar 2020 12:15:46.407 * DB saved on disk
20:C 10 Mar 2020 12:15:46.410 * RDB: 0 MB of memory used by copy-on-write
1:M 10 Mar 2020 12:15:46.504 * Background saving terminated with success
1:signal-handler (1583842969) Received SIGTERM scheduling shutdown...
1:M 10 Mar 2020 12:22:49.881 # User requested shutdown...
1:M 10 Mar 2020 12:22:49.884 * Calling fsync() on the AOF file.
1:M 10 Mar 2020 12:22:49.888 * Saving the final RDB snapshot before exiting.
1:M 10 Mar 2020 12:22:49.898 * DB saved on disk
1:M 10 Mar 2020 12:22:49.900 * Removing the pid file.
1:M 10 Mar 2020 12:22:49.903 # Redis is now ready to exit, bye bye...
1:C 10 Mar 2020 12:22:56.514 # oO0OoO0OoO0Oo Redis is starting oO0OoO0OoO0Oo
1:C 10 Mar 2020 12:22:56.518 # Redis version=5.0.7, bits=64, commit=00000000, modified=0, pid=1, just started
1:C 10 Mar 2020 12:22:56.522 # Configuration loaded
                _._                                                  
           _.-``__ ''-._                                             
      _.-``    `.  `_.  ''-._           Redis 5.0.7 (00000000/0) 64 bit
  .-`` .-```.  ```\/    _.,_ ''-._                                   
 (    '      ,       .-`  | `,    )     Running in standalone mode
 |`-._`-...-` __...-.``-._|'` _.-'|     Port: 6379
 |    `-._   `._    /     _.-'    |     PID: 1
  `-._    `-._  `-./  _.-'    _.-'                                   
 |`-._`-._    `-.__.-'    _.-'_.-'|                                  
 |    `-._`-._        _.-'_.-'    |           http://redis.io        
  `-._    `-._`-.__.-'_.-'    _.-'                                   
 |`-._`-._    `-.__.-'    _.-'_.-'|                                  
 |    `-._`-._        _.-'_.-'    |                                  
  `-._    `-._`-.__.-'_.-'    _.-'                                   
      `-._    `-.__.-'    _.-'                                       
          `-._        _.-'                                           
              `-.__.-'                                               

1:M 10 Mar 2020 12:22:56.538 # WARNING: The TCP backlog setting of 511 cannot be enforced because /proc/sys/net/core/somaxconn is set to the lower value of 128.
1:M 10 Mar 2020 12:22:56.540 # Server initialized
1:M 10 Mar 2020 12:22:56.543 # WARNING you have Transparent Huge Pages (THP) support enabled in your kernel. This will create latency and memory usage issues with Redis. To fix this issue run the command 'echo never > /sys/kernel/mm/transparent_hugepage/enabled' as root, and add it to your /etc/rc.local in order to retain the setting after a reboot. Redis must be restarted after THP is disabled.
1:M 10 Mar 2020 12:22:56.548 * DB loaded from append only file: 0.003 seconds
1:M 10 Mar 2020 12:22:56.550 * Ready to accept connections
1:M 10 Mar 2020 12:27:57.017 * 10 changes in 300 seconds. Saving...
1:M 10 Mar 2020 12:27:57.025 * Background saving started by pid 18
18:C 10 Mar 2020 12:27:57.035 * DB saved on disk
18:C 10 Mar 2020 12:27:57.037 * RDB: 0 MB of memory used by copy-on-write
1:M 10 Mar 2020 12:27:57.132 * Background saving terminated with success
1:signal-handler (1583843932) Received SIGTERM scheduling shutdown...
1:M 10 Mar 2020 12:38:52.786 # User requested shutdown...
1:M 10 Mar 2020 12:38:52.790 * Calling fsync() on the AOF file.
1:M 10 Mar 2020 12:38:52.795 * Saving the final RDB snapshot before exiting.
1:M 10 Mar 2020 12:38:52.811 * DB saved on disk
1:M 10 Mar 2020 12:38:52.814 * Removing the pid file.
1:M 10 Mar 2020 12:38:52.817 # Redis is now ready to exit, bye bye...
1:C 10 Mar 2020 12:39:55.949 # oO0OoO0OoO0Oo Redis is starting oO0OoO0OoO0Oo
1:C 10 Mar 2020 12:39:55.952 # Redis version=5.0.7, bits=64, commit=00000000, modified=0, pid=1, just started
1:C 10 Mar 2020 12:39:55.956 # Configuration loaded
                _._                                                  
           _.-``__ ''-._                                             
      _.-``    `.  `_.  ''-._           Redis 5.0.7 (00000000/0) 64 bit
  .-`` .-```.  ```\/    _.,_ ''-._                                   
 (    '      ,       .-`  | `,    )     Running in standalone mode
 |`-._`-...-` __...-.``-._|'` _.-'|     Port: 6379
 |    `-._   `._    /     _.-'    |     PID: 1
  `-._    `-._  `-./  _.-'    _.-'                                   
 |`-._`-._    `-.__.-'    _.-'_.-'|                                  
 |    `-._`-._        _.-'_.-'    |           http://redis.io        
  `-._    `-._`-.__.-'_.-'    _.-'                                   
 |`-._`-._    `-.__.-'    _.-'_.-'|                                  
 |    `-._`-._        _.-'_.-'    |                                  
  `-._    `-._`-.__.-'_.-'    _.-'                                   
      `-._    `-.__.-'    _.-'                                       
          `-._        _.-'                                           
              `-.__.-'                                               

1:M 10 Mar 2020 12:39:55.969 # WARNING: The TCP backlog setting of 511 cannot be enforced because /proc/sys/net/core/somaxconn is set to the lower value of 128.
1:M 10 Mar 2020 12:39:55.973 # Server initialized
1:M 10 Mar 2020 12:39:55.977 # WARNING you have Transparent Huge Pages (THP) support enabled in your kernel. This will create latency and memory usage issues with Redis. To fix this issue run the command 'echo never > /sys/kernel/mm/transparent_hugepage/enabled' as root, and add it to your /etc/rc.local in order to retain the setting after a reboot. Redis must be restarted after THP is disabled.
1:M 10 Mar 2020 12:39:55.982 * DB loaded from append only file: 0.002 seconds
1:M 10 Mar 2020 12:39:55.985 * Ready to accept connections
1:M 10 Mar 2020 12:44:56.080 * 10 changes in 300 seconds. Saving...
1:M 10 Mar 2020 12:44:56.085 * Background saving started by pid 17
17:C 10 Mar 2020 12:44:56.097 * DB saved on disk
17:C 10 Mar 2020 12:44:56.100 * RDB: 0 MB of memory used by copy-on-write
1:M 10 Mar 2020 12:44:56.191 * Background saving terminated with success
1:signal-handler (1583844376) Received SIGTERM scheduling shutdown...
1:M 10 Mar 2020 12:46:16.702 # User requested shutdown...
1:M 10 Mar 2020 12:46:16.705 * Calling fsync() on the AOF file.
1:M 10 Mar 2020 12:46:16.708 * Saving the final RDB snapshot before exiting.
1:M 10 Mar 2020 12:46:16.719 * DB saved on disk
1:M 10 Mar 2020 12:46:16.722 * Removing the pid file.
1:M 10 Mar 2020 12:46:16.724 # Redis is now ready to exit, bye bye...
1:C 10 Mar 2020 13:01:19.880 # oO0OoO0OoO0Oo Redis is starting oO0OoO0OoO0Oo
1:C 10 Mar 2020 13:01:19.884 # Redis version=5.0.7, bits=64, commit=00000000, modified=0, pid=1, just started
1:C 10 Mar 2020 13:01:19.887 # Configuration loaded
                _._                                                  
           _.-``__ ''-._                                             
      _.-``    `.  `_.  ''-._           Redis 5.0.7 (00000000/0) 64 bit
  .-`` .-```.  ```\/    _.,_ ''-._                                   
 (    '      ,       .-`  | `,    )     Running in standalone mode
 |`-._`-...-` __...-.``-._|'` _.-'|     Port: 6379
 |    `-._   `._    /     _.-'    |     PID: 1
  `-._    `-._  `-./  _.-'    _.-'                                   
 |`-._`-._    `-.__.-'    _.-'_.-'|                                  
 |    `-._`-._        _.-'_.-'    |           http://redis.io        
  `-._    `-._`-.__.-'_.-'    _.-'                                   
 |`-._`-._    `-.__.-'    _.-'_.-'|                                  
 |    `-._`-._        _.-'_.-'    |                                  
  `-._    `-._`-.__.-'_.-'    _.-'                                   
      `-._    `-.__.-'    _.-'                                       
          `-._        _.-'                                           
              `-.__.-'                                               

1:M 10 Mar 2020 13:01:19.899 # WARNING: The TCP backlog setting of 511 cannot be enforced because /proc/sys/net/core/somaxconn is set to the lower value of 128.
1:M 10 Mar 2020 13:01:19.904 # Server initialized
1:M 10 Mar 2020 13:01:19.907 # WARNING you have Transparent Huge Pages (THP) support enabled in your kernel. This will create latency and memory usage issues with Redis. To fix this issue run the command 'echo never > /sys/kernel/mm/transparent_hugepage/enabled' as root, and add it to your /etc/rc.local in order to retain the setting after a reboot. Redis must be restarted after THP is disabled.
1:M 10 Mar 2020 13:01:19.914 * DB loaded from append only file: 0.002 seconds
1:M 10 Mar 2020 13:01:19.918 * Ready to accept connections
1:signal-handler (1583845355) Received SIGTERM scheduling shutdown...
1:M 10 Mar 2020 13:02:35.284 # User requested shutdown...
1:M 10 Mar 2020 13:02:35.287 * Calling fsync() on the AOF file.
1:M 10 Mar 2020 13:02:35.293 * Saving the final RDB snapshot before exiting.
1:M 10 Mar 2020 13:02:35.308 * DB saved on disk
1:M 10 Mar 2020 13:02:35.312 * Removing the pid file.
1:M 10 Mar 2020 13:02:35.315 # Redis is now ready to exit, bye bye...
1:C 10 Mar 2020 13:03:19.897 # oO0OoO0OoO0Oo Redis is starting oO0OoO0OoO0Oo
1:C 10 Mar 2020 13:03:19.900 # Redis version=5.0.7, bits=64, commit=00000000, modified=0, pid=1, just started
1:C 10 Mar 2020 13:03:19.904 # Configuration loaded
                _._                                                  
           _.-``__ ''-._                                             
      _.-``    `.  `_.  ''-._           Redis 5.0.7 (00000000/0) 64 bit
  .-`` .-```.  ```\/    _.,_ ''-._                                   
 (    '      ,       .-`  | `,    )     Running in standalone mode
 |`-._`-...-` __...-.``-._|'` _.-'|     Port: 6379
 |    `-._   `._    /     _.-'    |     PID: 1
  `-._    `-._  `-./  _.-'    _.-'                                   
 |`-._`-._    `-.__.-'    _.-'_.-'|                                  
 |    `-._`-._        _.-'_.-'    |           http://redis.io        
  `-._    `-._`-.__.-'_.-'    _.-'                                   
 |`-._`-._    `-.__.-'    _.-'_.-'|                                  
 |    `-._`-._        _.-'_.-'    |                                  
  `-._    `-._`-.__.-'_.-'    _.-'                                   
      `-._    `-.__.-'    _.-'                                       
          `-._        _.-'                                           
              `-.__.-'                                               

1:M 10 Mar 2020 13:03:19.915 # WARNING: The TCP backlog setting of 511 cannot be enforced because /proc/sys/net/core/somaxconn is set to the lower value of 128.
1:M 10 Mar 2020 13:03:19.919 # Server initialized
1:M 10 Mar 2020 13:03:19.923 # WARNING you have Transparent Huge Pages (THP) support enabled in your kernel. This will create latency and memory usage issues with Redis. To fix this issue run the command 'echo never > /sys/kernel/mm/transparent_hugepage/enabled' as root, and add it to your /etc/rc.local in order to retain the setting after a reboot. Redis must be restarted after THP is disabled.
1:M 10 Mar 2020 13:03:19.930 * DB loaded from append only file: 0.003 seconds
1:M 10 Mar 2020 13:03:19.933 * Ready to accept connections
1:signal-handler (1583845491) Received SIGTERM scheduling shutdown...
1:M 10 Mar 2020 13:04:51.305 # User requested shutdown...
1:M 10 Mar 2020 13:04:51.310 * Calling fsync() on the AOF file.
1:M 10 Mar 2020 13:04:51.315 * Saving the final RDB snapshot before exiting.
1:M 10 Mar 2020 13:04:51.325 * DB saved on disk
1:M 10 Mar 2020 13:04:51.327 * Removing the pid file.
1:M 10 Mar 2020 13:04:51.328 # Redis is now ready to exit, bye bye...
1:C 10 Mar 2020 13:04:58.134 # oO0OoO0OoO0Oo Redis is starting oO0OoO0OoO0Oo
1:C 10 Mar 2020 13:04:58.145 # Redis version=5.0.7, bits=64, commit=00000000, modified=0, pid=1, just started
1:C 10 Mar 2020 13:04:58.148 # Configuration loaded
                _._                                                  
           _.-``__ ''-._                                             
      _.-``    `.  `_.  ''-._           Redis 5.0.7 (00000000/0) 64 bit
  .-`` .-```.  ```\/    _.,_ ''-._                                   
 (    '      ,       .-`  | `,    )     Running in standalone mode
 |`-._`-...-` __...-.``-._|'` _.-'|     Port: 6379
 |    `-._   `._    /     _.-'    |     PID: 1
  `-._    `-._  `-./  _.-'    _.-'                                   
 |`-._`-._    `-.__.-'    _.-'_.-'|                                  
 |    `-._`-._        _.-'_.-'    |           http://redis.io        
  `-._    `-._`-.__.-'_.-'    _.-'                                   
 |`-._`-._    `-.__.-'    _.-'_.-'|                                  
 |    `-._`-._        _.-'_.-'    |                                  
  `-._    `-._`-.__.-'_.-'    _.-'                                   
      `-._    `-.__.-'    _.-'                                       
          `-._        _.-'                                           
              `-.__.-'                                               

1:M 10 Mar 2020 13:04:58.157 # WARNING: The TCP backlog setting of 511 cannot be enforced because /proc/sys/net/core/somaxconn is set to the lower value of 128.
1:M 10 Mar 2020 13:04:58.162 # Server initialized
1:M 10 Mar 2020 13:04:58.164 # WARNING you have Transparent Huge Pages (THP) support enabled in your kernel. This will create latency and memory usage issues with Redis. To fix this issue run the command 'echo never > /sys/kernel/mm/transparent_hugepage/enabled' as root, and add it to your /etc/rc.local in order to retain the setting after a reboot. Redis must be restarted after THP is disabled.
1:M 10 Mar 2020 13:04:58.170 * DB loaded from append only file: 0.003 seconds
1:M 10 Mar 2020 13:04:58.172 * Ready to accept connections
1:M 10 Mar 2020 13:09:59.001 * 10 changes in 300 seconds. Saving...
1:M 10 Mar 2020 13:09:59.012 * Background saving started by pid 18
18:C 10 Mar 2020 13:09:59.026 * DB saved on disk
18:C 10 Mar 2020 13:09:59.030 * RDB: 0 MB of memory used by copy-on-write
1:M 10 Mar 2020 13:09:59.118 * Background saving terminated with success
1:signal-handler (1583846244) Received SIGTERM scheduling shutdown...
1:M 10 Mar 2020 13:17:24.366 # User requested shutdown...
1:M 10 Mar 2020 13:17:24.370 * Calling fsync() on the AOF file.
1:M 10 Mar 2020 13:17:24.374 * Saving the final RDB snapshot before exiting.
1:M 10 Mar 2020 13:17:24.384 * DB saved on disk
1:M 10 Mar 2020 13:17:24.386 * Removing the pid file.
1:M 10 Mar 2020 13:17:24.389 # Redis is now ready to exit, bye bye...
1:C 18 Mar 2020 13:49:17.948 # oO0OoO0OoO0Oo Redis is starting oO0OoO0OoO0Oo
1:C 18 Mar 2020 13:49:17.950 # Redis version=5.0.7, bits=64, commit=00000000, modified=0, pid=1, just started
1:C 18 Mar 2020 13:49:17.952 # Configuration loaded
                _._                                                  
           _.-``__ ''-._                                             
      _.-``    `.  `_.  ''-._           Redis 5.0.7 (00000000/0) 64 bit
  .-`` .-```.  ```\/    _.,_ ''-._                                   
 (    '      ,       .-`  | `,    )     Running in standalone mode
 |`-._`-...-` __...-.``-._|'` _.-'|     Port: 6379
 |    `-._   `._    /     _.-'    |     PID: 1
  `-._    `-._  `-./  _.-'    _.-'                                   
 |`-._`-._    `-.__.-'    _.-'_.-'|                                  
 |    `-._`-._        _.-'_.-'    |           http://redis.io        
  `-._    `-._`-.__.-'_.-'    _.-'                                   
 |`-._`-._    `-.__.-'    _.-'_.-'|                                  
 |    `-._`-._        _.-'_.-'    |                                  
  `-._    `-._`-.__.-'_.-'    _.-'                                   
      `-._    `-.__.-'    _.-'                                       
          `-._        _.-'                                           
              `-.__.-'                                               

1:M 18 Mar 2020 13:49:17.958 # WARNING: The TCP backlog setting of 511 cannot be enforced because /proc/sys/net/core/somaxconn is set to the lower value of 128.
1:M 18 Mar 2020 13:49:17.960 # Server initialized
1:M 18 Mar 2020 13:49:17.962 # WARNING you have Transparent Huge Pages (THP) support enabled in your kernel. This will create latency and memory usage issues with Redis. To fix this issue run the command 'echo never > /sys/kernel/mm/transparent_hugepage/enabled' as root, and add it to your /etc/rc.local in order to retain the setting after a reboot. Redis must be restarted after THP is disabled.
1:M 18 Mar 2020 13:49:17.965 * DB loaded from append only file: 0.002 seconds
1:M 18 Mar 2020 13:49:17.966 * Ready to accept connections
1:M 18 Mar 2020 13:54:18.012 * 10 changes in 300 seconds. Saving...
1:M 18 Mar 2020 13:54:18.015 * Background saving started by pid 17
17:C 18 Mar 2020 13:54:18.029 * DB saved on disk
17:C 18 Mar 2020 13:54:18.031 * RDB: 0 MB of memory used by copy-on-write
1:M 18 Mar 2020 13:54:18.118 * Background saving terminated with success
1:M 18 Mar 2020 14:45:48.774 * 1 changes in 900 seconds. Saving...
1:M 18 Mar 2020 14:45:48.785 * Background saving started by pid 18
18:C 18 Mar 2020 14:45:48.797 * DB saved on disk
18:C 18 Mar 2020 14:45:48.801 * RDB: 0 MB of memory used by copy-on-write
1:M 18 Mar 2020 14:45:48.888 * Background saving terminated with success
1:signal-handler (1584548380) Received SIGTERM scheduling shutdown...
1:M 18 Mar 2020 16:19:40.818 # User requested shutdown...
1:M 18 Mar 2020 16:19:40.820 * Calling fsync() on the AOF file.
1:M 18 Mar 2020 16:19:40.823 * Saving the final RDB snapshot before exiting.
1:M 18 Mar 2020 16:19:40.833 * DB saved on disk
1:M 18 Mar 2020 16:19:40.835 * Removing the pid file.
1:M 18 Mar 2020 16:19:40.842 # Redis is now ready to exit, bye bye...
1:C 18 Mar 2020 23:24:42.061 # oO0OoO0OoO0Oo Redis is starting oO0OoO0OoO0Oo
1:C 18 Mar 2020 23:24:42.065 # Redis version=5.0.7, bits=64, commit=00000000, modified=0, pid=1, just started
1:C 18 Mar 2020 23:24:42.068 # Configuration loaded
                _._                                                  
           _.-``__ ''-._                                             
      _.-``    `.  `_.  ''-._           Redis 5.0.7 (00000000/0) 64 bit
  .-`` .-```.  ```\/    _.,_ ''-._                                   
 (    '      ,       .-`  | `,    )     Running in standalone mode
 |`-._`-...-` __...-.``-._|'` _.-'|     Port: 6379
 |    `-._   `._    /     _.-'    |     PID: 1
  `-._    `-._  `-./  _.-'    _.-'                                   
 |`-._`-._    `-.__.-'    _.-'_.-'|                                  
 |    `-._`-._        _.-'_.-'    |           http://redis.io        
  `-._    `-._`-.__.-'_.-'    _.-'                                   
 |`-._`-._    `-.__.-'    _.-'_.-'|                                  
 |    `-._`-._        _.-'_.-'    |                                  
  `-._    `-._`-.__.-'_.-'    _.-'                                   
      `-._    `-.__.-'    _.-'                                       
          `-._        _.-'                                           
              `-.__.-'                                               

1:M 18 Mar 2020 23:24:42.077 # WARNING: The TCP backlog setting of 511 cannot be enforced because /proc/sys/net/core/somaxconn is set to the lower value of 128.
1:M 18 Mar 2020 23:24:42.080 # Server initialized
1:M 18 Mar 2020 23:24:42.083 # WARNING you have Transparent Huge Pages (THP) support enabled in your kernel. This will create latency and memory usage issues with Redis. To fix this issue run the command 'echo never > /sys/kernel/mm/transparent_hugepage/enabled' as root, and add it to your /etc/rc.local in order to retain the setting after a reboot. Redis must be restarted after THP is disabled.
1:M 18 Mar 2020 23:24:42.088 * DB loaded from append only file: 0.003 seconds
1:M 18 Mar 2020 23:24:42.090 * Ready to accept connections
1:M 18 Mar 2020 23:29:43.035 * 10 changes in 300 seconds. Saving...
1:M 18 Mar 2020 23:29:43.048 * Background saving started by pid 17
17:C 18 Mar 2020 23:29:43.071 * DB saved on disk
17:C 18 Mar 2020 23:29:43.076 * RDB: 0 MB of memory used by copy-on-write
1:M 18 Mar 2020 23:29:43.155 * Background saving terminated with success
1:M 19 Mar 2020 00:02:02.739 * 1 changes in 900 seconds. Saving...
1:M 19 Mar 2020 00:02:02.744 * Background saving started by pid 18
18:C 19 Mar 2020 00:02:02.769 * DB saved on disk
18:C 19 Mar 2020 00:02:02.775 * RDB: 0 MB of memory used by copy-on-write
1:M 19 Mar 2020 00:02:02.848 * Background saving terminated with success
1:M 19 Mar 2020 00:21:55.327 * 1 changes in 900 seconds. Saving...
1:M 19 Mar 2020 00:21:55.333 * Background saving started by pid 19
19:C 19 Mar 2020 00:21:55.356 * DB saved on disk
19:C 19 Mar 2020 00:21:55.364 * RDB: 0 MB of memory used by copy-on-write
1:M 19 Mar 2020 00:21:55.438 * Background saving terminated with success
1:M 19 Mar 2020 04:42:22.755 * 1 changes in 900 seconds. Saving...
1:M 19 Mar 2020 04:42:22.767 * Background saving started by pid 20
20:C 19 Mar 2020 04:42:22.777 * DB saved on disk
20:C 19 Mar 2020 04:42:22.779 * RDB: 0 MB of memory used by copy-on-write
1:M 19 Mar 2020 04:42:22.870 * Background saving terminated with success
1:M 19 Mar 2020 04:57:23.022 * 1 changes in 900 seconds. Saving...
1:M 19 Mar 2020 04:57:23.025 * Background saving started by pid 21
21:C 19 Mar 2020 04:57:23.032 * DB saved on disk
21:C 19 Mar 2020 04:57:23.036 * RDB: 0 MB of memory used by copy-on-write
1:M 19 Mar 2020 04:57:23.128 * Background saving terminated with success
1:C 28 Mar 2020 19:09:53.614 # oO0OoO0OoO0Oo Redis is starting oO0OoO0OoO0Oo
1:C 28 Mar 2020 19:09:53.618 # Redis version=5.0.8, bits=64, commit=00000000, modified=0, pid=1, just started
1:C 28 Mar 2020 19:09:53.627 # Configuration loaded
                _._                                                  
           _.-``__ ''-._                                             
      _.-``    `.  `_.  ''-._           Redis 5.0.8 (00000000/0) 64 bit
  .-`` .-```.  ```\/    _.,_ ''-._                                   
 (    '      ,       .-`  | `,    )     Running in standalone mode
 |`-._`-...-` __...-.``-._|'` _.-'|     Port: 6379
 |    `-._   `._    /     _.-'    |     PID: 1
  `-._    `-._  `-./  _.-'    _.-'                                   
 |`-._`-._    `-.__.-'    _.-'_.-'|                                  
 |    `-._`-._        _.-'_.-'    |           http://redis.io        
  `-._    `-._`-.__.-'_.-'    _.-'                                   
 |`-._`-._    `-.__.-'    _.-'_.-'|                                  
 |    `-._`-._        _.-'_.-'    |                                  
  `-._    `-._`-.__.-'_.-'    _.-'                                   
      `-._    `-.__.-'    _.-'                                       
          `-._        _.-'                                           
              `-.__.-'                                               

1:M 28 Mar 2020 19:09:53.651 # WARNING: The TCP backlog setting of 511 cannot be enforced because /proc/sys/net/core/somaxconn is set to the lower value of 128.
1:M 28 Mar 2020 19:09:53.654 # Server initialized
1:M 28 Mar 2020 19:09:53.659 # WARNING you have Transparent Huge Pages (THP) support enabled in your kernel. This will create latency and memory usage issues with Redis. To fix this issue run the command 'echo never > /sys/kernel/mm/transparent_hugepage/enabled' as root, and add it to your /etc/rc.local in order to retain the setting after a reboot. Redis must be restarted after THP is disabled.
1:M 28 Mar 2020 19:09:53.667 * DB loaded from append only file: 0.005 seconds
1:M 28 Mar 2020 19:09:53.672 * Ready to accept connections
1:M 28 Mar 2020 19:14:54.052 * 10 changes in 300 seconds. Saving...
1:M 28 Mar 2020 19:14:54.065 * Background saving started by pid 18
18:C 28 Mar 2020 19:14:54.096 * DB saved on disk
18:C 28 Mar 2020 19:14:54.103 * RDB: 0 MB of memory used by copy-on-write
1:M 28 Mar 2020 19:14:54.169 * Background saving terminated with success
1:signal-handler (1585423185) Received SIGTERM scheduling shutdown...
1:M 28 Mar 2020 19:19:46.001 # User requested shutdown...
1:M 28 Mar 2020 19:19:46.004 * Calling fsync() on the AOF file.
1:M 28 Mar 2020 19:19:46.009 * Saving the final RDB snapshot before exiting.
1:M 28 Mar 2020 19:19:46.053 * DB saved on disk
1:M 28 Mar 2020 19:19:46.057 * Removing the pid file.
1:M 28 Mar 2020 19:19:46.062 # Redis is now ready to exit, bye bye...
